99.03.23 10:33 B E:\MEL\20\html.zip --> zebu.uoregon.edu /storage/home/mbartels/public_html/altaz html.zip
99.03.25 18:48 B C:\MEL\20\html.zip --> zebu.uoregon.edu /storage/home/mbartels/public_html/altaz html.zip
99.04.17 12:50 B C:\MEL\20\source_code.zip --> zebu.uoregon.edu /storage/home/mbartels/public_html/altaz source_code.zip
99.04.17 12:51 B C:\MEL\20\scope_executable.zip --> zebu.uoregon.edu /storage/home/mbartels/public_html/altaz scope_executable.zip
99.04.17 12:52 B C:\MEL\20\html.zip --> zebu.uoregon.edu /storage/home/mbartels/public_html/altaz html.zip
99.04.17 12:53 B C:\MEL\20\data_files.zip --> zebu.uoregon.edu /storage/home/mbartels/public_html/altaz data_files.zip
99.04.19 21:06 B C:\MEL\20\source_code.zip --> zebu.uoregon.edu /storage/home/mbartels/public_html/altaz source_code.zip
99.04.19 21:07 B C:\MEL\20\scope_executable.zip --> zebu.uoregon.edu /storage/home/mbartels/public_html/altaz scope_executable.zip
99.04.19 21:08 B C:\MEL\20\html.zip --> zebu.uoregon.edu /storage/home/mbartels/public_html/altaz html.zip
99.04.21 00:08 B C:\MEL\20\html.zip --> zebu.uoregon.edu /storage/home/mbartels/public_html/altaz html.zip
99.04.21 20:29 B C:\MEL\20\source_code.zip --> zebu.uoregon.edu /storage/home/mbartels/public_html/altaz source_code.zip
99.04.21 20:30 B C:\MEL\20\html.zip --> zebu.uoregon.edu /storage/home/mbartels/public_html/altaz html.zip
99.04.21 20:31 B C:\MEL\20\scope_executable.zip --> zebu.uoregon.edu /storage/home/mbartels/public_html/altaz scope_executable.zip
99.04.30 10:08 B E:\MEL\20\scope_executable.zip --> zebu.uoregon.edu /storage/home/mbartels/public_html/altaz scope_executable.zip
99.04.30 10:09 B E:\MEL\20\source_code.zip --> zebu.uoregon.edu /storage/home/mbartels/public_html/altaz source_code.zip
99.04.30 10:10 B E:\MEL\20\html.zip --> zebu.uoregon.edu /storage/home/mbartels/public_html/altaz html.zip
99.04.30 10:11 B E:\MEL\20\data_files.zip --> zebu.uoregon.edu /storage/home/mbartels/public_html/altaz data_files.zip
99.05.04 23:08 B C:\MEL\20\scope_executable.zip --> zebu.uoregon.edu /storage/home/mbartels/public_html/altaz scope_executable.zip
99.05.04 23:09 B C:\MEL\20\html.zip --> zebu.uoregon.edu /storage/home/mbartels/public_html/altaz html.zip
99.05.04 23:09 B C:\MEL\20\data_files.zip --> zebu.uoregon.edu /storage/home/mbartels/public_html/altaz data_files.zip
99.05.04 23:10 B C:\MEL\20\source_code.zip --> zebu.uoregon.edu /storage/home/mbartels/public_html/altaz source_code.zip
99.05.07 12:09 B E:\MEL\20\html.zip --> zebu.uoregon.edu /storage/home/mbartels/public_html/altaz html.zip
99.05.07 12:13 B E:\MEL\20\circuit_graphics.zip --> zebu.uoregon.edu /storage/home/mbartels/public_html/altaz circuit_graphics.zip
99.05.08 23:15 B C:\MEL\20\source_code.zip --> zebu.uoregon.edu /storage/home/mbartels/public_html/altaz source_code.zip
99.05.08 23:16 B C:\MEL\20\scope_executable.zip --> zebu.uoregon.edu /storage/home/mbartels/public_html/altaz scope_executable.zip
99.05.08 23:17 B C:\MEL\20\html.zip --> zebu.uoregon.edu /storage/home/mbartels/public_html/altaz html.zip
99.05.09 00:14 B C:\MEL\20\source_code.zip --> zebu.uoregon.edu /storage/home/mbartels/public_html/altaz source_code.zip
99.05.09 00:15 B C:\MEL\20\scope_executable.zip --> zebu.uoregon.edu /storage/home/mbartels/public_html/altaz scope_executable.zip
99.05.09 00:20 B C:\MEL\20\circuit_graphics.zip --> zebu.uoregon.edu /storage/home/mbartels/public_html/altaz circuit_graphics.zip
99.05.09 22:07 B C:\MEL\20\html.zip --> zebu.uoregon.edu /storage/home/mbartels/public_html/altaz html.zip
99.05.09 22:08 B C:\MEL\20\source_code.zip --> zebu.uoregon.edu /storage/home/mbartels/public_html/altaz source_code.zip
99.05.09 22:09 B C:\MEL\20\scope_executable.zip --> zebu.uoregon.edu /storage/home/mbartels/public_html/altaz scope_executable.zip
99.05.17 20:27 B C:\MEL\20\html.zip --> zebu.uoregon.edu /storage/home/mbartels/public_html/altaz html.zip
99.05.17 20:28 B C:\MEL\20\source_code.zip --> zebu.uoregon.edu /storage/home/mbartels/public_html/altaz source_code.zip
99.05.17 20:29 B C:\MEL\20\scope_executable.zip --> zebu.uoregon.edu /storage/home/mbartels/public_html/altaz scope_executable.zip
99.05.17 20:30 B C:\MEL\20\data_files.zip --> zebu.uoregon.edu /storage/home/mbartels/public_html/altaz data_files.zip
99.05.17 21:20 B C:\MEL\20\html.zip --> zebu.uoregon.edu /storage/home/mbartels/public_html/altaz html.zip
99.05.24 17:05 B E:\MEL\20\source_code.zip --> zebu.uoregon.edu /storage/home/mbartels/public_html/altaz source_code.zip
99.05.24 17:06 B E:\MEL\20\scope_executable.zip --> zebu.uoregon.edu /storage/home/mbartels/public_html/altaz scope_executable.zip
99.05.24 17:07 B E:\MEL\20\html.zip --> zebu.uoregon.edu /storage/home/mbartels/public_html/altaz html.zip
99.06.09 10:21 B E:\MEL\20\html.zip --> zebu.uoregon.edu /storage/home/mbartels/public_html/altaz html.zip
99.06.09 10:22 B E:\MEL\20\data_files.zip --> zebu.uoregon.edu /storage/home/mbartels/public_html/altaz data_files.zip
99.06.09 10:24 B E:\MEL\20\scope_executable.zip --> zebu.uoregon.edu /storage/home/mbartels/public_html/altaz scope_executable.zip
99.06.09 10:24 B E:\MEL\20\source_code.zip --> zebu.uoregon.edu /storage/home/mbartels/public_html/altaz source_code.zip
99.06.10 12:30 B E:\MEL\20\scope_executable.zip --> zebu.uoregon.edu /storage/home/mbartels/public_html/altaz scope_executable.zip
99.06.10 12:31 B E:\MEL\20\source_code.zip --> zebu.uoregon.edu /storage/home/mbartels/public_html/altaz source_code.zip
99.06.10 12:32 B E:\MEL\20\html.zip --> zebu.uoregon.edu /storage/home/mbartels/public_html/altaz html.zip
99.06.10 12:44 B E:\MEL\20\html.zip --> zebu.uoregon.edu /storage/home/mbartels/public_html/altaz html.zip
99.06.21 16:47 B E:\MEL\20\scope_executable.zip --> zebu.uoregon.edu /storage/home/mbartels/public_html/altaz scope_executable.zip
99.06.21 16:48 B E:\MEL\20\source_code.zip --> zebu.uoregon.edu /storage/home/mbartels/public_html/altaz source_code.zip
99.06.23 23:50 B C:\MEL\20\html.zip --> zebu.uoregon.edu /storage/home/mbartels/public_html/altaz html.zip
99.06.23 23:51 B C:\MEL\20\source_code.zip --> zebu.uoregon.edu /storage/home/mbartels/public_html/altaz source_code.zip
99.06.23 23:52 B C:\MEL\20\scope_executable.zip --> zebu.uoregon.edu /storage/home/mbartels/public_html/altaz scope_executable.zip
99.06.23 23:55 B C:\MEL\20\circuit_graphics.zip --> zebu.uoregon.edu /storage/home/mbartels/public_html/altaz circuit_graphics.zip
99.07.06 12:30 B E:\MEL\20\html.zip --> zebu.uoregon.edu /storage/home/mbartels/public_html/altaz html.zip
99.07.07 00:16 B C:\MEL\20\circuit_graphics.zip --> zebu.uoregon.edu /storage/home/mbartels/public_html/altaz circuit_graphics.zip
99.07.07 16:40 B E:\MEL\20\html.zip --> zebu.uoregon.edu /storage/home/mbartels/public_html/altaz html.zip
99.07.07 16:41 B E:\MEL\20\scope_executable.zip --> zebu.uoregon.edu /storage/home/mbartels/public_html/altaz scope_executable.zip
99.07.07 16:42 B E:\MEL\20\source_code.zip --> zebu.uoregon.edu /storage/home/mbartels/public_html/altaz source_code.zip
99.07.07 16:44 B E:\MEL\20\html.zip --> zebu.uoregon.edu /storage/home/mbartels/public_html/altaz html.zip
99.07.07 19:49 B C:\MEL\20\version.html --> zebu.uoregon.edu /storage/home/mbartels/public_html/altaz version.html
99.07.07 20:00 B C:\MEL\20\html.zip --> zebu.uoregon.edu /storage/home/mbartels/public_html/altaz html.zip
99.07.20 16:59 B E:\MEL\20\html.zip --> zebu.uoregon.edu /storage/home/mbartels/public_html/altaz html.zip
99.07.20 17:00 B E:\MEL\20\scope_executable.zip --> zebu.uoregon.edu /storage/home/mbartels/public_html/altaz scope_executable.zip
99.07.20 17:01 B E:\MEL\20\source_code.zip --> zebu.uoregon.edu /storage/home/mbartels/public_html/altaz source_code.zip
99.07.20 17:06 B E:\MEL\20\Planets.zip --> zebu.uoregon.edu /storage/home/mbartels/public_html/altaz Planets.zip
99.07.23 14:23 B E:\MEL\20\html.zip --> zebu.uoregon.edu /storage/home/mbartels/public_html/altaz html.zip
99.07.23 14:24 B E:\MEL\20\scope_executable.zip --> zebu.uoregon.edu /storage/home/mbartels/public_html/altaz scope_executable.zip
99.07.23 14:25 B E:\MEL\20\source_code.zip --> zebu.uoregon.edu /storage/home/mbartels/public_html/altaz source_code.zip
99.09.08 01:09 B C:\MEL\20\html.zip --> zebu.uoregon.edu /storage/home/mbartels/public_html/altaz html.zip
99.09.08 01:09 B C:\MEL\20\source_code.zip --> zebu.uoregon.edu /storage/home/mbartels/public_html/altaz source_code.zip
99.09.08 01:10 B C:\MEL\20\scope_executable.zip --> zebu.uoregon.edu /storage/home/mbartels/public_html/altaz scope_executable.zip
99.09.08 16:41 B E:\MEL\20\scope_executable.zip --> zebu.uoregon.edu /storage/home/mbartels/public_html/altaz scope_executable.zip
99.09.14 16:44 B E:\MEL\20\scope_executable.zip --> zebu.uoregon.edu /storage/home/mbartels/public_html/altaz scope_executable.zip
99.09.14 16:45 B E:\MEL\20\html.zip --> zebu.uoregon.edu /storage/home/mbartels/public_html/altaz html.zip
99.09.14 16:46 B E:\MEL\20\data_files.zip --> zebu.uoregon.edu /storage/home/mbartels/public_html/altaz data_files.zip
99.09.14 16:46 B E:\MEL\20\source_code.zip --> zebu.uoregon.edu /storage/home/mbartels/public_html/altaz source_code.zip
99.09.17 15:29 B E:\MEL\20\scope_executable.zip --> zebu.uoregon.edu /storage/home/mbartels/public_html/altaz scope_executable.zip
99.09.17 15:29 B E:\MEL\20\source_code.zip --> zebu.uoregon.edu /storage/home/mbartels/public_html/altaz source_code.zip
99.09.17 15:30 B E:\MEL\20\html.zip --> zebu.uoregon.edu /storage/home/mbartels/public_html/altaz html.zip
99.09.17 15:42 B E:\MEL\20\scope_executable.zip --> zebu.uoregon.edu /storage/home/mbartels/public_html/altaz scope_executable.zip
99.09.17 15:43 B E:\MEL\20\source_code.zip --> zebu.uoregon.edu /storage/home/mbartels/public_html/altaz source_code.zip
99.09.18 11:32 B C:\MEL\20\scope_executable.zip --> zebu.uoregon.edu /storage/home/mbartels/public_html/altaz scope_executable.zip
99.09.21 14:17 B E:\MEL\20\source_code.zip <-- zebu /storage/home/mbartels/public_html source_code.zip
99.09.26 21:04 B C:\MEL\20\data_files.zip --> zebu.uoregon.edu /storage/home/mbartels/public_html/altaz data_files.zip
99.09.27 10:57 B E:\MEL\20\html.zip --> zebu.uoregon.edu /storage/home/mbartels/public_html/altaz html.zip
99.09.27 10:58 B E:\MEL\20\scope_executable.zip --> zebu.uoregon.edu /storage/home/mbartels/public_html/altaz scope_executable.zip
99.09.27 10:58 B E:\MEL\20\source_code.zip --> zebu.uoregon.edu /storage/home/mbartels/public_html/altaz source_code.zip
99.10.05 12:06 B C:\MEL\20\scope_executable.zip --> zebu.uoregon.edu /storage/home/mbartels/public_html/altaz scope_executable.zip
99.10.05 12:07 B C:\MEL\20\html.zip --> zebu.uoregon.edu /storage/home/mbartels/public_html/altaz html.zip
99.10.05 12:07 B C:\MEL\20\source_code.zip --> zebu.uoregon.edu /storage/home/mbartels/public_html/altaz source_code.zip
99.10.05 12:08 B C:\MEL\20\data_files.zip --> zebu.uoregon.edu /storage/home/mbartels/public_html/altaz data_files.zip
99.10.05 16:20 B C:\MEL\20\scope_executable.zip --> zebu.uoregon.edu /storage/home/mbartels/public_html/altaz scope_executable.zip
99.10.05 16:21 B C:\MEL\20\source_code.zip --> zebu.uoregon.edu /storage/home/mbartels/public_html/altaz source_code.zip
99.10.12 10:06 B C:\MEL\20\html.zip --> zebu.uoregon.edu /storage/home/mbartels/public_html/altaz html.zip
99.10.12 10:07 B C:\MEL\20\source_code.zip --> zebu.uoregon.edu /storage/home/mbartels/public_html/altaz source_code.zip
99.10.12 10:08 B C:\MEL\20\scope_executable.zip --> zebu.uoregon.edu /storage/home/mbartels/public_html/altaz scope_executable.zip
99.10.12 22:43 B C:\MEL\20\html.zip --> zebu.uoregon.edu /storage/home/mbartels/public_html/altaz html.zip
99.10.14 00:15 B C:\MEL\20\html.zip --> zebu.uoregon.edu /storage/home/mbartels/public_html/altaz html.zip
99.10.14 00:18 B C:\MEL\20\circuit_graphics.zip --> zebu.uoregon.edu /storage/home/mbartels/public_html/altaz circuit_graphics.zip
99.10.14 20:53 B C:\MEL\20\altaz.html --> zebu.uoregon.edu /storage/home/mbartels/public_html/altaz altaz.html
99.10.14 20:54 B C:\MEL\20\html.zip --> zebu.uoregon.edu /storage/home/mbartels/public_html/altaz html.zip
99.10.18 19:10 B C:\MEL\20\html.zip --> zebu.uoregon.edu /storage/home/mbartels/public_html/altaz html.zip
99.10.18 19:12 B C:\MEL\20\source_code.zip --> zebu.uoregon.edu /storage/home/mbartels/public_html/altaz source_code.zip
99.10.18 19:12 B C:\MEL\20\scope_executable.zip --> zebu.uoregon.edu /storage/home/mbartels/public_html/altaz scope_executable.zip
99.10.27 18:49 B C:\MEL\20\html.zip --> zebu.uoregon.edu /storage/home/mbartels/public_html/altaz html.zip
99.11.03 17:46 B C:\MEL\20\altaz.html --> zebu.uoregon.edu /storage/home/mbartels/public_html/altaz altaz.html
99.12.01 14:18 B C:\Mel\20\html.zip --> zebu.uoregon.edu /storage/home/mbartels/public_html/altaz html.zip
99.12.01 14:23 B C:\Mel\20\data_files.zip --> zebu.uoregon.edu /storage/home/mbartels/public_html/altaz data_files.zip
99.12.01 14:27 B C:\Mel\20\source_code.zip --> zebu.uoregon.edu /storage/home/mbartels/public_html/altaz source_code.zip
99.12.01 14:29 B C:\Mel\20\scope_executable.zip --> zebu.uoregon.edu /storage/home/mbartels/public_html/altaz scope_executable.zip
99.12.02 14:33 B C:\Mel\20\html.zip --> zebu.uoregon.edu /storage/home/mbartels/public_html/altaz html.zip
99.12.02 14:34 B C:\Mel\20\scope_executable.zip --> zebu.uoregon.edu /storage/home/mbartels/public_html/altaz scope_executable.zip
99.12.19 10:29 B C:\MEL\20\scope_executable.zip --> zebu.uoregon.edu /storage/home/mbartels/public_html/altaz scope_executable.zip
99.12.19 10:30 B C:\MEL\20\html.zip --> zebu.uoregon.edu /storage/home/mbartels/public_html/altaz html.zip
99.12.19 10:31 B C:\MEL\20\source_code.zip --> zebu.uoregon.edu /storage/home/mbartels/public_html/altaz source_code.zip
99.12.26 12:54 B C:\MEL\20\html.zip --> zebu.uoregon.edu /storage/home/mbartels/public_html/altaz html.zip
99.12.26 12:55 B C:\MEL\20\source_code.zip --> zebu.uoregon.edu /storage/home/mbartels/public_html/altaz source_code.zip
99.12.26 12:55 B C:\MEL\20\scope_executable.zip --> zebu.uoregon.edu /storage/home/mbartels/public_html/altaz scope_executable.zip
99.12.31 08:50 B C:\MEL\20\source_code.zip --> zebu.uoregon.edu /storage/home/mbartels/public_html/altaz source_code.zip
99.12.31 09:00 B C:\MEL\20\scope_executable.zip --> zebu.uoregon.edu /storage/home/mbartels/public_html/altaz scope_executable.zip
99.12.31 09:02 B C:\MEL\20\scope_executable.zip --> zebu.uoregon.edu /storage/home/mbartels/public_html/altaz scope_executable.zip
99.12.31 12:05 B C:\MEL\20\html.zip --> zebu.uoregon.edu /storage/home/mbartels/public_html/altaz html.zip
99.12.31 12:07 B C:\MEL\20\scope_executable.zip --> zebu.uoregon.edu /storage/home/mbartels/public_html/altaz scope_executable.zip
99.12.31 12:18 B C:\MEL\20\source_code.zip --> zebu.uoregon.edu /storage/home/mbartels/public_html/altaz source_code.zip
100.01.10 22:05 B C:\MEL\20\scope_executable.zip --> zebu.uoregon.edu /storage/home/mbartels/public_html/altaz scope_executable.zip
100.01.10 22:06 B C:\MEL\20\html.zip --> zebu.uoregon.edu /storage/home/mbartels/public_html/altaz html.zip
100.01.10 22:06 B C:\MEL\20\source_code.zip --> zebu.uoregon.edu /storage/home/mbartels/public_html/altaz source_code.zip
100.01.18 23:28 B C:\MEL\20\html.zip --> zebu.uoregon.edu /storage/home/mbartels/public_html/altaz html.zip
100.01.18 23:30 B C:\MEL\20\circuit_graphics.zip --> zebu.uoregon.edu /storage/home/mbartels/public_html/altaz circuit_graphics.zip
100.01.18 23:31 B C:\MEL\20\scope_executable.zip --> zebu.uoregon.edu /storage/home/mbartels/public_html/altaz scope_executable.zip
100.01.18 23:32 B C:\MEL\20\source_code.zip --> zebu.uoregon.edu /storage/home/mbartels/public_html/altaz source_code.zip
100.01.19 16:11 B D:\Mel\20\altaz.html --> zebu.uoregon.edu /storage/home/mbartels/public_html/altaz altaz.html
